Initialization
Response received from hotplate:
0 b'\xfd\xa0\x00\x00\x00\xa0'
1 b'\xfd\xa3M\x00\x00\xf0'
2 b'\xfd\xa3S\x00\x00\xf6'
3 b'\xfd\xa3-\x00\x00\xd0'
4 b'\xfd\xa3H\x00\x00\xeb'
5 b'\xfd\xa3-\x00\x00\xd0'
6 b'\xfd\xa3P\x00\x00\xf3'
7 b'\xfd\xa3r\x00\x00\x15'
8 b'\xfd\xa3o\x00\x00\x12'
9 b'\xfd\xa3\x00\x00\x00\xa3'
10 b'\xfd\xa3\x00\x00\x00\xa3'
11 b'\xfd\xa3\x00\x00\x00\xa3'
12 b'\xfd\xa3\x00\x00\x00\xa3'
13 b'\xfd\xa3\x00\x00\x00\xa3'
14 b'\xfd\xa3\x00\x00\x00\xa3'
15 b'\xfd\xa3\x00\x00\x00\xa3'
16 b'\xfd\xa3\x00\x00\x00\xa3'
Initialization finished
